<?xml version="1.0" encoding="UTF-8"?>
<testsuite name="ch.chesnb.beans.lombok.json.GroovyLombokJsonTests" tests="1" skipped="0" failures="0" errors="0" timestamp="2024-05-29T12:52:37" hostname="CheSilicon.local" time="0.088">
  <properties/>
  <testcase name="Value Object TestA Json " classname="ch.chesnb.beans.lombok.json.GroovyLombokJsonTests" time="0.088"/>
  <system-out><![CDATA[]]></system-out>
  <system-err><![CDATA[]]></system-err>
</testsuite>
